Unity Editor version:    2021.3.21f1 (1b156197d683)
Branch:                  2021.3/staging
Build type:              Release
Batch mode:              YES
System name:             Linux
Distro version:          #74~20.04.1-Ubuntu SMP Wed Feb 22 14:52:34 UTC 2023
Kernel version:          5.15.0-67-generic
Architecture:            x86_64
Available memory:        11869 MB
Using pre-set license
Pro License: YES
Desktop is 1920 x 1080 @ 60 Hz
Initialize udev device monitor.

COMMAND LINE ARGUMENTS:
Unity
-adb2
-batchMode
-noUpm
-name
AssetImportWorker0
-projectPath
/home/pasta/Documents/GitHub/Unity-project
-logFile
Logs/AssetImportWorker0.log
-srvPort
45827
Successfully changed project path to: /home/pasta/Documents/GitHub/Unity-project
/home/pasta/Documents/GitHub/Unity-project
[UnityMemory] Configuration Parameters - Can be set up in boot.config
    "memorysetup-bucket-allocator-granularity=16"
    "memorysetup-bucket-allocator-bucket-count=8"
    "memorysetup-bucket-allocator-block-size=33554432"
    "memorysetup-bucket-allocator-block-count=8"
    "memorysetup-main-allocator-block-size=16777216"
    "memorysetup-thread-allocator-block-size=16777216"
    "memorysetup-gfx-main-allocator-block-size=16777216"
    "memorysetup-gfx-thread-allocator-block-size=16777216"
    "memorysetup-cache-allocator-block-size=4194304"
    "memorysetup-typetree-allocator-block-size=2097152"
    "memorysetup-profiler-bucket-allocator-granularity=16"
    "memorysetup-profiler-bucket-allocator-bucket-count=8"
    "memorysetup-profiler-bucket-allocator-block-size=33554432"
    "memorysetup-profiler-bucket-allocator-block-count=8"
    "memorysetup-profiler-allocator-block-size=16777216"
    "memorysetup-profiler-editor-allocator-block-size=1048576"
    "memorysetup-temp-allocator-size-main=16777216"
    "memorysetup-job-temp-allocator-block-size=2097152"
    "memorysetup-job-temp-allocator-block-size-background=1048576"
    "memorysetup-job-temp-allocator-reduction-small-platforms=262144"
    "memorysetup-temp-allocator-size-background-worker=32768"
    "memorysetup-temp-allocator-size-job-worker=262144"
    "memorysetup-temp-allocator-size-preload-manager=33554432"
    "memorysetup-temp-allocator-size-nav-mesh-worker=65536"
    "memorysetup-temp-allocator-size-audio-worker=65536"
    "memorysetup-temp-allocator-size-cloud-worker=32768"
    "memorysetup-temp-allocator-size-gi-baking-worker=262144"
    "memorysetup-temp-allocator-size-gfx=262144"
Player connection [140177209901952] Host "[IP] 192.168.43.67 [Port] 0 [Flags] 2 [Guid] 3872442000 [EditorId] 3872442000 [Version] 1048832 [Id] LinuxEditor(16,192.168.43.67) [Debug] 1 [PackageName] LinuxEditor [ProjectName] Editor" joined multi-casting on [225.0.0.222:54997]...

Player connection [140177209901952] Host "[IP] 192.168.43.67 [Port] 0 [Flags] 2 [Guid] 3872442000 [EditorId] 3872442000 [Version] 1048832 [Id] LinuxEditor(16,192.168.43.67) [Debug] 1 [PackageName] LinuxEditor [ProjectName] Editor" joined alternative multi-casting on [225.0.0.222:34997]...

Refreshing native plugins compatible for Editor in 137,52 ms, found 0 plugins.
Preloading 0 native plugins for Editor in 0,00 ms.
Initialize engine version: 2021.3.21f1 (1b156197d683)
[Subsystems] Discovering subsystems at path /home/pasta/Unity/Hub/Editor/2021.3.21f1/Editor/Data/Resources/UnitySubsystems
[Subsystems] Discovering subsystems at path /home/pasta/Documents/GitHub/Unity-project/Assets
GLX Extensions: GLX_ARB_create_context GLX_ARB_create_context_no_error GLX_ARB_create_context_profile GLX_ARB_create_context_robustness GLX_ARB_fbconfig_float GLX_ARB_framebuffer_sRGB GLX_ARB_get_proc_address GLX_ARB_multisample GLX_EXT_buffer_age GLX_EXT_create_context_es2_profile GLX_EXT_create_context_es_profile GLX_EXT_fbconfig_packed_float GLX_EXT_framebuffer_sRGB GLX_EXT_import_context GLX_EXT_no_config_context GLX_EXT_swap_control GLX_EXT_swap_control_tear GLX_EXT_texture_from_pixmap GLX_EXT_visual_info GLX_EXT_visual_rating GLX_INTEL_swap_event GLX_MESA_copy_sub_buffer GLX_MESA_query_renderer GLX_MESA_swap_control GLX_OML_swap_method GLX_OML_sync_control GLX_SGIS_multisample GLX_SGIX_fbconfig GLX_SGIX_pbuffer GLX_SGIX_visual_select_group GLX_SGI_make_current_read GLX_SGI_swap_control GLX_SGI_video_sync 
Renderer: Mesa Intel(R) HD Graphics 5500 (BDW GT2)
Vendor:   Intel
Version:  4.6 (Core Profile) Mesa 21.2.6
GLES:     0
 GL_3DFX_texture_compression_FXT1 GL_AMD_conservative_depth GL_AMD_draw_buffers_blend GL_AMD_gpu_shader_int64 GL_AMD_multi_draw_indirect GL_AMD_performance_monitor GL_AMD_pinned_memory GL_AMD_query_buffer_object GL_AMD_seamless_cubemap_per_texture GL_AMD_shader_trinary_minmax GL_AMD_texture_texture4 GL_AMD_vertex_shader_layer GL_AMD_vertex_shader_viewport_index GL_ANGLE_texture_compression_dxt3 GL_ANGLE_texture_compression_dxt5 GL_ARB_ES2_compatibility GL_ARB_ES3_1_compatibility GL_ARB_ES3_2_compatibility GL_ARB_ES3_compatibility GL_ARB_arrays_of_arrays GL_ARB_base_instance GL_ARB_blend_func_extended GL_ARB_buffer_storage GL_ARB_clear_buffer_object GL_ARB_clear_texture GL_ARB_clip_control GL_ARB_compressed_texture_pixel_storage GL_ARB_compute_shader GL_ARB_compute_variable_group_size GL_ARB_conditional_render_inverted GL_ARB_conservative_depth GL_ARB_copy_buffer GL_ARB_copy_image GL_ARB_cull_distance GL_ARB_debug_output GL_ARB_depth_buffer_float GL_ARB_depth_clamp GL_ARB_derivative_control GL_ARB_direct_stat
e_access GL_ARB_draw_buffers GL_ARB_draw_buffers_blend GL_ARB_draw_elements_base_vertex GL_ARB_draw_indirect GL_ARB_draw_instanced GL_ARB_enhanced_layouts GL_ARB_explicit_attrib_location GL_ARB_explicit_uniform_location GL_ARB_fragment_coord_conventions GL_ARB_fragment_layer_viewport GL_ARB_fragment_shader GL_ARB_framebuffer_no_attachments GL_ARB_framebuffer_object GL_ARB_framebuffer_sRGB GL_ARB_get_program_binary GL_ARB_get_texture_sub_image GL_ARB_gl_spirv GL_ARB_gpu_shader5 GL_ARB_gpu_shader_fp64 GL_ARB_gpu_shader_int64 GL_ARB_half_float_pixel GL_ARB_half_float_vertex GL_ARB_indirect_parameters GL_ARB_instanced_arrays GL_ARB_internalformat_query GL_ARB_internalformat_query2 GL_ARB_invalidate_subdata GL_ARB_map_buffer_alignment GL_ARB_map_buffer_range GL_ARB_multi_bind GL_ARB_multi_draw_indirect GL_ARB_occlusion_query2 GL_ARB_parallel_shader_compile GL_ARB_pipeline_statistics_query GL_ARB_pixel_buffer_object GL_ARB_point_sprite GL_ARB_polygon_offset_clamp GL_ARB_program_interface_query GL_ARB_provoking_ver
tex GL_ARB_query_buffer_object GL_ARB_robust_buffer_access_behavior GL_ARB_robustness GL_ARB_sample_shading GL_ARB_sampler_objects GL_ARB_seamless_cube_map GL_ARB_seamless_cubemap_per_texture GL_ARB_separate_shader_objects GL_ARB_shader_atomic_counter_ops GL_ARB_shader_atomic_counters GL_ARB_shader_ballot GL_ARB_shader_bit_encoding GL_ARB_shader_clock GL_ARB_shader_draw_parameters GL_ARB_shader_group_vote GL_ARB_shader_image_load_store GL_ARB_shader_image_size GL_ARB_shader_objects GL_ARB_shader_precision GL_ARB_shader_storage_buffer_object GL_ARB_shader_subroutine GL_ARB_shader_texture_image_samples GL_ARB_shader_texture_lod GL_ARB_shader_viewport_layer_array GL_ARB_shading_language_420pack GL_ARB_shading_language_include GL_ARB_shading_language_packing GL_ARB_spirv_extensions GL_ARB_stencil_texturing GL_ARB_sync GL_ARB_tessellation_shader GL_ARB_texture_barrier GL_ARB_texture_buffer_object GL_ARB_texture_buffer_object_rgb32 GL_ARB_texture_buffer_range GL_ARB_texture_compression_bptc GL_ARB_texture_compress
ion_rgtc GL_ARB_texture_cube_map_array GL_ARB_texture_filter_anisotropic GL_ARB_texture_float GL_ARB_texture_gather GL_ARB_texture_mirror_clamp_to_edge GL_ARB_texture_multisample GL_ARB_texture_non_power_of_two GL_ARB_texture_query_levels GL_ARB_texture_query_lod GL_ARB_texture_rectangle GL_ARB_texture_rg GL_ARB_texture_rgb10_a2ui GL_ARB_texture_stencil8 GL_ARB_texture_storage GL_ARB_texture_storage_multisample GL_ARB_texture_swizzle GL_ARB_texture_view GL_ARB_timer_query GL_ARB_transform_feedback2 GL_ARB_transform_feedback3 GL_ARB_transform_feedback_instanced GL_ARB_transform_feedback_overflow_query GL_ARB_uniform_buffer_object GL_ARB_vertex_array_bgra GL_ARB_vertex_array_object GL_ARB_vertex_attrib_64bit GL_ARB_vertex_attrib_binding GL_ARB_vertex_buffer_object GL_ARB_vertex_shader GL_ARB_vertex_type_10f_11f_11f_rev GL_ARB_vertex_type_2_10_10_10_rev GL_ARB_viewport_array GL_ATI_blend_equation_separate GL_ATI_texture_float GL_EXT_EGL_image_storage GL_EXT_EGL_sync GL_EXT_abgr GL_EXT_blend_equation_separate GL
_EXT_demote_to_helper_invocation GL_EXT_draw_buffers2 GL_EXT_draw_instanced GL_EXT_framebuffer_blit GL_EXT_framebuffer_multisample GL_EXT_framebuffer_multisample_blit_scaled GL_EXT_framebuffer_object GL_EXT_framebuffer_sRGB GL_EXT_memory_object GL_EXT_memory_object_fd GL_EXT_packed_depth_stencil GL_EXT_packed_float GL_EXT_pixel_buffer_object GL_EXT_polygon_offset_clamp GL_EXT_provoking_vertex GL_EXT_semaphore GL_EXT_semaphore_fd GL_EXT_shader_framebuffer_fetch_non_coherent GL_EXT_shader_integer_mix GL_EXT_shader_samples_identical GL_EXT_texture_array GL_EXT_texture_compression_dxt1 GL_EXT_texture_compression_rgtc GL_EXT_texture_compression_s3tc GL_EXT_texture_filter_anisotropic GL_EXT_texture_integer GL_EXT_texture_sRGB GL_EXT_texture_sRGB_R8 GL_EXT_texture_sRGB_decode GL_EXT_texture_shadow_lod GL_EXT_texture_shared_exponent GL_EXT_texture_snorm GL_EXT_texture_swizzle GL_EXT_timer_query GL_EXT_transform_feedback GL_EXT_vertex_array_bgra GL_EXT_vertex_attrib_64bit GL_IBM_multimode_draw_arrays GL_INTEL_blackho
le_render GL_INTEL_performance_query GL_INTEL_shader_integer_functions2 GL_KHR_blend_equation_advanced GL_KHR_context_flush_control GL_KHR_debug GL_KHR_no_error GL_KHR_parallel_shader_compile GL_KHR_robust_buffer_access_behavior GL_KHR_robustness GL_KHR_texture_compression_astc_ldr GL_KHR_texture_compression_astc_sliced_3d GL_MESA_framebuffer_flip_y GL_MESA_pack_invert GL_MESA_shader_integer_functions GL_MESA_texture_signed_rgba GL_NV_compute_shader_derivatives GL_NV_conditional_render GL_NV_copy_image GL_NV_depth_clamp GL_NV_packed_depth_stencil GL_NV_texture_barrier GL_OES_EGL_image GL_S3_s3tc
OPENGL LOG: Creating OpenGL 4.6 graphics device ; Context level  <OpenGL 4.5> ; Context handle -982250496
Initialize mono
Mono path[0] = '/home/pasta/Unity/Hub/Editor/2021.3.21f1/Editor/Data/Managed'
Mono path[1] = '/home/pasta/Unity/Hub/Editor/2021.3.21f1/Editor/Data/MonoBleedingEdge/lib/mono/unityjit-linux'
Mono config path = '/home/pasta/Unity/Hub/Editor/2021.3.21f1/Editor/Data/MonoBleedingEdge/etc'
Using monoOptions --debugger-agent=transport=dt_socket,embedding=1,server=y,suspend=n,address=127.0.0.1:56588
Begin MonoManager ReloadAssembly
Registering precompiled unity dll's ...
Register platform support module: /home/pasta/Unity/Hub/Editor/2021.3.21f1/Editor/Data/PlaybackEngines/WebGLSupport/UnityEditor.WebGL.Extensions.dll
Register platform support module: /home/pasta/Unity/Hub/Editor/2021.3.21f1/Editor/Data/PlaybackEngines/LinuxStandaloneSupport/UnityEditor.LinuxStandalone.Extensions.dll
Registered in 0,014565 seconds.
Native extension for LinuxStandalone target not found
Native extension for WebGL target not found
Refreshing native plugins compatible for Editor in 165,92 ms, found 0 plugins.
Preloading 0 native plugins for Editor in 0,00 ms.
Mono: successfully reloaded assembly
- Completed reload, in  1,217 seconds
Domain Reload Profiling:
	ReloadAssembly (1218ms)
		BeginReloadAssembly (131ms)
			ExecutionOrderSort (0ms)
			DisableScriptedObjects (0ms)
			BackupInstance (0ms)
			ReleaseScriptingObjects (0ms)
			CreateAndSetChildDomain (2ms)
		EndReloadAssembly (917ms)
			LoadAssemblies (128ms)
			RebuildTransferFunctionScriptingTraits (0ms)
			SetupTypeCache (228ms)
			ReleaseScriptCaches (0ms)
			RebuildScriptCaches (60ms)
			SetupLoadedEditorAssemblies (530ms)
				LogAssemblyErrors (0ms)
				InitializePlatformSupportModulesInManaged (20ms)
				SetLoadedEditorAssemblies (1ms)
				RefreshPlugins (166ms)
				BeforeProcessingInitializeOnLoad (3ms)
				ProcessInitializeOnLoadAttributes (270ms)
				ProcessInitializeOnLoadMethodAttributes (69ms)
				AfterProcessingInitializeOnLoad (0ms)
				EditorAssembliesLoaded (0ms)
			ExecutionOrderSort2 (0ms)
			AwakeInstancesAfterBackupRestoration (0ms)
Platform modules already initialized, skipping
Registering precompiled user dll's ...
Registered in 0,005489 seconds.
Begin MonoManager ReloadAssembly
Symbol file LoadedFromMemory doesn't match image /home/pasta/Documents/GitHub/Unity-project/Library/PackageCache/com.unity.visualscripting@1.8.0/Editor/VisualScripting.Core/Dependencies/YamlDotNet/Unity.VisualScripting.YamlDotNet.dll
Symbol file LoadedFromMemory doesn't match image /home/pasta/Documents/GitHub/Unity-project/Library/PackageCache/com.unity.visualscripting@1.8.0/Editor/VisualScripting.Core/Dependencies/DotNetZip/Unity.VisualScripting.IonicZip.dll
Native extension for LinuxStandalone target not found
Native extension for WebGL target not found
Refreshing native plugins compatible for Editor in 0,58 ms, found 0 plugins.
Preloading 0 native plugins for Editor in 0,00 ms.
Mono: successfully reloaded assembly
- Completed reload, in  1,850 seconds
Domain Reload Profiling:
	ReloadAssembly (1852ms)
		BeginReloadAssembly (160ms)
			ExecutionOrderSort (0ms)
			DisableScriptedObjects (9ms)
			BackupInstance (0ms)
			ReleaseScriptingObjects (0ms)
			CreateAndSetChildDomain (27ms)
		EndReloadAssembly (1533ms)
			LoadAssemblies (112ms)
			RebuildTransferFunctionScriptingTraits (0ms)
			SetupTypeCache (604ms)
			ReleaseScriptCaches (1ms)
			RebuildScriptCaches (85ms)
			SetupLoadedEditorAssemblies (659ms)
				LogAssemblyErrors (0ms)
				InitializePlatformSupportModulesInManaged (16ms)
				SetLoadedEditorAssemblies (1ms)
				RefreshPlugins (1ms)
				BeforeProcessingInitializeOnLoad (134ms)
				ProcessInitializeOnLoadAttributes (459ms)
				ProcessInitializeOnLoadMethodAttributes (35ms)
				AfterProcessingInitializeOnLoad (12ms)
				EditorAssembliesLoaded (0ms)
			ExecutionOrderSort2 (0ms)
			AwakeInstancesAfterBackupRestoration (7ms)
Platform modules already initialized, skipping
========================================================================
Worker process is ready to serve import requests
Launched and connected shader compiler UnityShaderCompiler after 0.09 seconds
Refreshing native plugins compatible for Editor in 0,86 ms, found 0 plugins.
Preloading 0 native plugins for Editor in 0,00 ms.
Unloading 3047 Unused Serialized files (Serialized files now loaded: 0)
Unloading 24 unused Assets / (74,9 KB). Loaded Objects now: 3507.
Memory consumption went from 103,1 MB to 103,0 MB.
Total: 9,279140 ms (FindLiveObjects: 0,476517 ms CreateObjectMapping: 0,497768 ms MarkObjects: 7,973878 ms  DeleteObjects: 0,328344 ms)

AssetImportParameters requested are different than current active one (requested -> active):
  custom:video-decoder-ogg-theora: a1e56fd34408186e4bbccfd4996cb3dc -> 
  custom:container-muxer-webm: aa71ff27fc2769a1b78a27578f13a17b -> 
  custom:container-demuxer-webm: 4f35f7cbe854078d1ac9338744f61a02 -> 
  custom:video-encoder-webm-vp8: eb34c28f22e8b96e1ab97ce403110664 -> 
  custom:audio-encoder-webm-vorbis: bf7c407c2cedff20999df2af8eb42d56 -> 
  custom:container-demuxer-ogg: 62fdf1f143b41e24485cea50d1cbac27 -> 
  custom:video-decoder-webm-vp8: 9c59270c3fd7afecdb556c50c9e8de78 -> 
  custom:audio-decoder-ogg-vorbis: bf7c407c2cedff20999df2af8eb42d56 -> 
========================================================================
Received Import Request.
  Time since last request: 773866,170290 seconds.
  path: Assets/Luster-Album-Stellina/Luster Album Stellina N010222/Luster Album Stellina N010222.obj
  artifactKey: Guid(2362518e18fe7fbdbb1ae8f538cee4a6) Importer(815301076,1909f56bfc062723c751e8b465ee728b)
Start importing Assets/Luster-Album-Stellina/Luster Album Stellina N010222/Luster Album Stellina N010222.obj using Guid(2362518e18fe7fbdbb1ae8f538cee4a6) Importer(815301076,1909f56bfc062723c751e8b465ee728b)  -> (artifact id: 'b646229aee047318ec7e2258c4aba9c4') in 0,758717 seconds 
========================================================================
Received Import Request.
  Time since last request: 0,000078 seconds.
  path: Assets/Luster-Album-Stellina/Luster Album Stellina N010222
  artifactKey: Guid(12fe1af1725596d6d8e314a816f60cf6) Importer(815301076,1909f56bfc062723c751e8b465ee728b)
Start importing Assets/Luster-Album-Stellina/Luster Album Stellina N010222 using Guid(12fe1af1725596d6d8e314a816f60cf6) Importer(815301076,1909f56bfc062723c751e8b465ee728b)  -> (artifact id: 'f9acecb6ca83c45914b9ef937bc2d2aa') in 0,010545 seconds 
========================================================================
Received Import Request.
  Time since last request: 0,000135 seconds.
  path: Assets/Luster-Album-Stellina/Luster Album Stellina N010222/Luster Album Stellina N010222.3ds
  artifactKey: Guid(41383da85edd4edaead379ea9de1adf7) Importer(815301076,1909f56bfc062723c751e8b465ee728b)
Start importing Assets/Luster-Album-Stellina/Luster Album Stellina N010222/Luster Album Stellina N010222.3ds using Guid(41383da85edd4edaead379ea9de1adf7) Importer(815301076,1909f56bfc062723c751e8b465ee728b)  -> (artifact id: '4aaab4e44dd5ca55e7da2ebd63ca5e59') in 0,441534 seconds 
========================================================================
Received Import Request.
  Time since last request: 0,000041 seconds.
  path: Assets/Luster-Album-Stellina/Luster Album Stellina N010222.jpg
  artifactKey: Guid(f5d580f74ffffe852b51bdbdf02dc07b) Importer(815301076,1909f56bfc062723c751e8b465ee728b)
Start importing Assets/Luster-Album-Stellina/Luster Album Stellina N010222.jpg using Guid(f5d580f74ffffe852b51bdbdf02dc07b) Importer(815301076,1909f56bfc062723c751e8b465ee728b)  -> (artifact id: 'd570a210ca9da2a82d9fe75551a30edc') in 0,026817 seconds 
========================================================================
Received Import Request.
  Time since last request: 0,000042 seconds.
  path: Assets/Luster-Album-Stellina/R 1.jpg
  artifactKey: Guid(e437b2b2d4a14cf47bde9656d2f3e587) Importer(815301076,1909f56bfc062723c751e8b465ee728b)
Start importing Assets/Luster-Album-Stellina/R 1.jpg using Guid(e437b2b2d4a14cf47bde9656d2f3e587) Importer(815301076,1909f56bfc062723c751e8b465ee728b)  -> (artifact id: 'd679d556899544485c6823eef9a1922f') in 0,025036 seconds 
========================================================================
Received Import Request.
  Time since last request: 135,003933 seconds.
  path: Assets/Shower-Room-3d-model/060.dxf
  artifactKey: Guid(7ff0c903c7a0010679c72087c580e0e9) Importer(815301076,1909f56bfc062723c751e8b465ee728b)
Start importing Assets/Shower-Room-3d-model/060.dxf using Guid(7ff0c903c7a0010679c72087c580e0e9) Importer(815301076,1909f56bfc062723c751e8b465ee728b)  -> (artifact id: '8518028cc4e89c7fdbafc4928fd04deb') in 0,048603 seconds 
========================================================================
Received Import Request.
  Time since last request: 0,000033 seconds.
  path: Assets/Shower-Room-3d-model/Arch_056_060_wood-bump.jpg
  artifactKey: Guid(5b31652ccc226e501a814bcb425a662c) Importer(815301076,1909f56bfc062723c751e8b465ee728b)
Start importing Assets/Shower-Room-3d-model/Arch_056_060_wood-bump.jpg using Guid(5b31652ccc226e501a814bcb425a662c) Importer(815301076,1909f56bfc062723c751e8b465ee728b)  -> (artifact id: 'af8d771acfb744fc3aa7f38b1b25a66e') in 0,022721 seconds 
========================================================================
Received Import Request.
  Time since last request: 0,000038 seconds.
  path: Assets/Shower-Room-3d-model/060.FBX
  artifactKey: Guid(ddf4d3e4c8fee9eac8cd715ca9065bb2) Importer(815301076,1909f56bfc062723c751e8b465ee728b)
Start importing Assets/Shower-Room-3d-model/060.FBX using Guid(ddf4d3e4c8fee9eac8cd715ca9065bb2) Importer(815301076,1909f56bfc062723c751e8b465ee728b)  -> (artifact id: '4511f9de65e2422d59ef2f1680f5d2d9') in 1,412815 seconds 
========================================================================
Received Import Request.
  Time since last request: 0,000055 seconds.
  path: Assets/Shower-Room-3d-model/060.obj
  artifactKey: Guid(6fdde2f3d6634c6e081d167b55eaedb8) Importer(815301076,1909f56bfc062723c751e8b465ee728b)
Start importing Assets/Shower-Room-3d-model/060.obj using Guid(6fdde2f3d6634c6e081d167b55eaedb8) Importer(815301076,1909f56bfc062723c751e8b465ee728b)  -> (artifact id: '87340ce758f13fa12c74b99e4ce47413') in 2,176310 seconds 
========================================================================
Received Import Request.
  Time since last request: 0,000568 seconds.
  path: Assets/Shower-Room-3d-model/Arch_056_060_wood.jpg
  artifactKey: Guid(66dcfd0b3f96b14818a14789e23cccf6) Importer(815301076,1909f56bfc062723c751e8b465ee728b)
Start importing Assets/Shower-Room-3d-model/Arch_056_060_wood.jpg using Guid(66dcfd0b3f96b14818a14789e23cccf6) Importer(815301076,1909f56bfc062723c751e8b465ee728b)  -> (artifact id: '36be20f12820e32329ca0d8abdbadfd2') in 0,018284 seconds 
========================================================================
Received Import Request.
  Time since last request: 0,000080 seconds.
  path: Assets/Shower-Room-3d-model/Window-Double-Hung
  artifactKey: Guid(c47863128662d3e7cbb95a64575f97f4) Importer(815301076,1909f56bfc062723c751e8b465ee728b)
Start importing Assets/Shower-Room-3d-model/Window-Double-Hung using Guid(c47863128662d3e7cbb95a64575f97f4) Importer(815301076,1909f56bfc062723c751e8b465ee728b)  -> (artifact id: '2dee6d1142969cf52b34e193e68852f2') in 0,001196 seconds 
========================================================================
Received Import Request.
  Time since last request: 155,290566 seconds.
  path: Assets/Window-Double-Hung/Double_Hung_Window.FBX
  artifactKey: Guid(ef291408823c9c5b58c0d265dd99eaad) Importer(815301076,1909f56bfc062723c751e8b465ee728b)
Start importing Assets/Window-Double-Hung/Double_Hung_Window.FBX using Guid(ef291408823c9c5b58c0d265dd99eaad) Importer(815301076,1909f56bfc062723c751e8b465ee728b)  -> (artifact id: '43c1e1e750e38b19b4b238dc08fae373') in 0,146876 seconds 
========================================================================
Received Import Request.
  Time since last request: 0,000033 seconds.
  path: Assets/Window-Double-Hung/Window Double Hung N230216.3DS
  artifactKey: Guid(c81c5dac0db172c90a4d7ef4aba19224) Importer(815301076,1909f56bfc062723c751e8b465ee728b)
Start importing Assets/Window-Double-Hung/Window Double Hung N230216.3DS using Guid(c81c5dac0db172c90a4d7ef4aba19224) Importer(815301076,1909f56bfc062723c751e8b465ee728b)  -> (artifact id: '9362f662ef23dbe74546b36a624379c6') in 0,168119 seconds 
========================================================================
Received Import Request.
  Time since last request: 229,144666 seconds.
  path: Assets/Torchere-Nordic/Torchere Nordic N300722.jpg
  artifactKey: Guid(8b9bec77be606cb24b7365b1d2ac0531) Importer(815301076,1909f56bfc062723c751e8b465ee728b)
Start importing Assets/Torchere-Nordic/Torchere Nordic N300722.jpg using Guid(8b9bec77be606cb24b7365b1d2ac0531) Importer(815301076,1909f56bfc062723c751e8b465ee728b)  -> (artifact id: '659ffb12641e0e63db9dc9149a317fb4') in 0,025481 seconds 
========================================================================
Received Import Request.
  Time since last request: 2,983854 seconds.
  path: Assets/Torchere-Nordic/Torchere Nordic N300722
  artifactKey: Guid(4764d825f4d9eb8a3bc03c823c8e84f4) Importer(815301076,1909f56bfc062723c751e8b465ee728b)
Start importing Assets/Torchere-Nordic/Torchere Nordic N300722 using Guid(4764d825f4d9eb8a3bc03c823c8e84f4) Importer(815301076,1909f56bfc062723c751e8b465ee728b)  -> (artifact id: 'd188873a1c7ccc5edabb89eabf393b7b') in 0,026305 seconds 
========================================================================
Received Import Request.
  Time since last request: 0,059432 seconds.
  path: Assets/Torchere-Nordic/Torchere Nordic N300722/Torchere Nordic N300722.3ds
  artifactKey: Guid(682b151191f1bba0da46cf0ad33d8653) Importer(815301076,1909f56bfc062723c751e8b465ee728b)
Start importing Assets/Torchere-Nordic/Torchere Nordic N300722/Torchere Nordic N300722.3ds using Guid(682b151191f1bba0da46cf0ad33d8653) Importer(815301076,1909f56bfc062723c751e8b465ee728b)  -> (artifact id: 'b73f5267cc4ef3242333dbe6097f52f4') in 0,221148 seconds 
========================================================================
Received Import Request.
  Time since last request: 0,000060 seconds.
  path: Assets/Torchere-Nordic/Torchere Nordic N300722/Torchere Nordic N300722.obj
  artifactKey: Guid(31ad6bad3a790ed02b13aabfcbdeff03) Importer(815301076,1909f56bfc062723c751e8b465ee728b)
Start importing Assets/Torchere-Nordic/Torchere Nordic N300722/Torchere Nordic N300722.obj using Guid(31ad6bad3a790ed02b13aabfcbdeff03) Importer(815301076,1909f56bfc062723c751e8b465ee728b)  -> (artifact id: 'ad5182a39df3ef06ea0d0e9c9112bbbf') in 0,383860 seconds 
========================================================================
Received Import Request.
  Time since last request: 478,612311 seconds.
  path: Assets/Frame-photo-Cluster-7/1.jpg
  artifactKey: Guid(9a6b1b61f62b679929a9369954ed4276) Importer(815301076,1909f56bfc062723c751e8b465ee728b)
Start importing Assets/Frame-photo-Cluster-7/1.jpg using Guid(9a6b1b61f62b679929a9369954ed4276) Importer(815301076,1909f56bfc062723c751e8b465ee728b)  -> (artifact id: 'fee469cd92557a3cbaa7ef692fbf6fa5') in 0,015546 seconds 
========================================================================
Received Import Request.
  Time since last request: 0,000050 seconds.
  path: Assets/Frame-photo-Cluster-7/Metal G6.jpg
  artifactKey: Guid(0ef42a4f31a6255f8acd65c4a683e0b8) Importer(815301076,1909f56bfc062723c751e8b465ee728b)
Start importing Assets/Frame-photo-Cluster-7/Metal G6.jpg using Guid(0ef42a4f31a6255f8acd65c4a683e0b8) Importer(815301076,1909f56bfc062723c751e8b465ee728b)  -> (artifact id: '0d192bd611f5038432a3f1847fbfcbc9') in 0,022146 seconds 
========================================================================
Received Import Request.
  Time since last request: 0,000049 seconds.
  path: Assets/Frame-photo-Cluster-7/2.jpg
  artifactKey: Guid(6f82bbcf4c81270d29fb045594597d41) Importer(815301076,1909f56bfc062723c751e8b465ee728b)
Start importing Assets/Frame-photo-Cluster-7/2.jpg using Guid(6f82bbcf4c81270d29fb045594597d41) Importer(815301076,1909f56bfc062723c751e8b465ee728b)  -> (artifact id: 'eb429521c3aa7097ee7359f8509025f3') in 0,015388 seconds 
========================================================================
Received Import Request.
  Time since last request: 0,000031 seconds.
  path: Assets/Frame-photo-Cluster-7/metal_gl.jpg
  artifactKey: Guid(4abb53d63e6415b0db86811fc93df2b0) Importer(815301076,1909f56bfc062723c751e8b465ee728b)
Start importing Assets/Frame-photo-Cluster-7/metal_gl.jpg using Guid(4abb53d63e6415b0db86811fc93df2b0) Importer(815301076,1909f56bfc062723c751e8b465ee728b)  -> (artifact id: '6d22d8a5e5ec3e48c263483c71f7987c') in 0,032741 seconds 
========================================================================
Received Import Request.
  Time since last request: 0,000030 seconds.
  path: Assets/Frame-photo-Cluster-7/4.jpg
  artifactKey: Guid(c0417d121c2e25052a0ba18b06363436) Importer(815301076,1909f56bfc062723c751e8b465ee728b)
Start importing Assets/Frame-photo-Cluster-7/4.jpg using Guid(c0417d121c2e25052a0ba18b06363436) Importer(815301076,1909f56bfc062723c751e8b465ee728b)  -> (artifact id: 'a87accc3e0c1f2a0f502ac2fd54bdca8') in 0,010359 seconds 
========================================================================
Received Import Request.
  Time since last request: 0,000033 seconds.
  path: Assets/Frame-photo-Cluster-7/Frame photo Cluster 7 N260119.3ds
  artifactKey: Guid(91de74e43ae6d28d8b7e52499e0531cc) Importer(815301076,1909f56bfc062723c751e8b465ee728b)
Start importing Assets/Frame-photo-Cluster-7/Frame photo Cluster 7 N260119.3ds using Guid(91de74e43ae6d28d8b7e52499e0531cc) Importer(815301076,1909f56bfc062723c751e8b465ee728b)  -> (artifact id: '0d5bf41074a85aa4357c12043c802102') in 0,882416 seconds 
========================================================================
Received Import Request.
  Time since last request: 0,000081 seconds.
  path: Assets/Frame-photo-Cluster-7/Frame photo Cluster 7 N260119.obj
  artifactKey: Guid(a1142645da2a4e4248535101a32ae82b) Importer(815301076,1909f56bfc062723c751e8b465ee728b)
Start importing Assets/Frame-photo-Cluster-7/Frame photo Cluster 7 N260119.obj using Guid(a1142645da2a4e4248535101a32ae82b) Importer(815301076,1909f56bfc062723c751e8b465ee728b)  -> (artifact id: '890f2cb04a7012f4b81c0391456d855b') in 0,241337 seconds 
========================================================================
Received Import Request.
  Time since last request: 0,000092 seconds.
  path: Assets/Frame-photo-Cluster-7/5.jpg
  artifactKey: Guid(07c6daafe0dde2d39a5ecd051b4dcf82) Importer(815301076,1909f56bfc062723c751e8b465ee728b)
Start importing Assets/Frame-photo-Cluster-7/5.jpg using Guid(07c6daafe0dde2d39a5ecd051b4dcf82) Importer(815301076,1909f56bfc062723c751e8b465ee728b)  -> (artifact id: 'e6029c84eaea8896eac549c4ab0937b4') in 0,012023 seconds 
========================================================================
Received Import Request.
  Time since last request: 0,000036 seconds.
  path: Assets/Frame-photo-Cluster-7/21B0_228.jpg
  artifactKey: Guid(db3fe0130697af172a2e011249645c98) Importer(815301076,1909f56bfc062723c751e8b465ee728b)
Start importing Assets/Frame-photo-Cluster-7/21B0_228.jpg using Guid(db3fe0130697af172a2e011249645c98) Importer(815301076,1909f56bfc062723c751e8b465ee728b)  -> (artifact id: 'b2fcd04999a9b629eddf5d52f2a3dcb7') in 0,015106 seconds 
========================================================================
Received Import Request.
  Time since last request: 0,005829 seconds.
  path: Assets/Frame-photo-Cluster-7/7.jpg
  artifactKey: Guid(a88836d242976bbab9682b8a9098d3dd) Importer(815301076,1909f56bfc062723c751e8b465ee728b)
Start importing Assets/Frame-photo-Cluster-7/7.jpg using Guid(a88836d242976bbab9682b8a9098d3dd) Importer(815301076,1909f56bfc062723c751e8b465ee728b)  -> (artifact id: '22ba80aed23380f0bd99a2ed86f11a89') in 0,026900 seconds 
========================================================================
Received Import Request.
  Time since last request: 0,000028 seconds.
  path: Assets/Frame-photo-Cluster-7/3.jpg
  artifactKey: Guid(a0fd01fc1fe838d6190742bc78e76786) Importer(815301076,1909f56bfc062723c751e8b465ee728b)
Start importing Assets/Frame-photo-Cluster-7/3.jpg using Guid(a0fd01fc1fe838d6190742bc78e76786) Importer(815301076,1909f56bfc062723c751e8b465ee728b)  -> (artifact id: '07ad35728efad6aa9645e259b47a0fe9') in 0,012464 seconds 
========================================================================
Received Import Request.
  Time since last request: 0,000062 seconds.
  path: Assets/Frame-photo-Cluster-7/6.jpg
  artifactKey: Guid(233f3a9b5af8e22f4adc86544a0cffb8) Importer(815301076,1909f56bfc062723c751e8b465ee728b)
Start importing Assets/Frame-photo-Cluster-7/6.jpg using Guid(233f3a9b5af8e22f4adc86544a0cffb8) Importer(815301076,1909f56bfc062723c751e8b465ee728b)  -> (artifact id: '60a7516eba9ab19ad2cb379eaaa2522b') in 0,011976 seconds 
========================================================================
Received Import Request.
  Time since last request: 539,392413 seconds.
  path: Assets/toiletpaper/screen.gif
  artifactKey: Guid(5e7125ee42dfa9e2db1ccdb4512e8c78) Importer(815301076,1909f56bfc062723c751e8b465ee728b)
Start importing Assets/toiletpaper/screen.gif using Guid(5e7125ee42dfa9e2db1ccdb4512e8c78) Importer(815301076,1909f56bfc062723c751e8b465ee728b)  -> (artifact id: '58677e567afac82489d8ccfc3678aa44') in 0,040505 seconds 
========================================================================
Received Import Request.
  Time since last request: 0,000032 seconds.
  path: Assets/toiletpaper/toiletpaper.obj
  artifactKey: Guid(56873fd258ad4d2ca812cb00431f9b49) Importer(815301076,1909f56bfc062723c751e8b465ee728b)
Start importing Assets/toiletpaper/toiletpaper.obj using Guid(56873fd258ad4d2ca812cb00431f9b49) Importer(815301076,1909f56bfc062723c751e8b465ee728b)  -> (artifact id: '346534009e2325ffd033c342ee4f78ff') in 0,157707 seconds 
========================================================================
Received Import Request.
  Time since last request: 137,613281 seconds.
  path: Assets/Refreshing-Ware-3d-models/Volo composition 7.3DS
  artifactKey: Guid(39ee946b4fb7984778c70f8b6740523b) Importer(815301076,1909f56bfc062723c751e8b465ee728b)
Start importing Assets/Refreshing-Ware-3d-models/Volo composition 7.3DS using Guid(39ee946b4fb7984778c70f8b6740523b) Importer(815301076,1909f56bfc062723c751e8b465ee728b)  -> (artifact id: 'aa8b6afdb17774f8a45bfe1b9f174aa8') in 0,545295 seconds 
========================================================================
Received Import Request.
  Time since last request: 1,983213 seconds.
  path: Assets/Refreshing-Ware-3d-models/textures
  artifactKey: Guid(a20a9ce992a5853eeb294298380e4986) Importer(815301076,1909f56bfc062723c751e8b465ee728b)
Start importing Assets/Refreshing-Ware-3d-models/textures using Guid(a20a9ce992a5853eeb294298380e4986) Importer(815301076,1909f56bfc062723c751e8b465ee728b)  -> (artifact id: 'd71a0512099d63d92aae77c7ad76419a') in 0,029300 seconds 
========================================================================
Received Import Request.
  Time since last request: 0,044612 seconds.
  path: Assets/Refreshing-Ware-3d-models/textures/rovere tinto noce.jpg
  artifactKey: Guid(b45df8bb109572a99999b373507f468f) Importer(815301076,1909f56bfc062723c751e8b465ee728b)
Start importing Assets/Refreshing-Ware-3d-models/textures/rovere tinto noce.jpg using Guid(b45df8bb109572a99999b373507f468f) Importer(815301076,1909f56bfc062723c751e8b465ee728b)  -> (artifact id: '90ebc257c4e509e5024aa232db54b2f3') in 0,020697 seconds 
========================================================================
Received Import Request.
  Time since last request: 0,000029 seconds.
  path: Assets/Refreshing-Ware-3d-models/textures/sabbia.jpg
  artifactKey: Guid(fc0448d3f29fbcd9e9c47d67e5144d9a) Importer(815301076,1909f56bfc062723c751e8b465ee728b)
Start importing Assets/Refreshing-Ware-3d-models/textures/sabbia.jpg using Guid(fc0448d3f29fbcd9e9c47d67e5144d9a) Importer(815301076,1909f56bfc062723c751e8b465ee728b)  -> (artifact id: '9358d324cf07c60057cd9dcac56e7e8d') in 0,025314 seconds 
========================================================================
Received Import Request.
  Time since last request: 273,605718 seconds.
  path: Assets/3D-bathroom-supplies-model
  artifactKey: Guid(c3a77c1e51f38be9082b5ff2e7591bc6) Importer(815301076,1909f56bfc062723c751e8b465ee728b)
Start importing Assets/3D-bathroom-supplies-model using Guid(c3a77c1e51f38be9082b5ff2e7591bc6) Importer(815301076,1909f56bfc062723c751e8b465ee728b)  -> (artifact id: 'af68dc5f700689985f34296b8634e7f3') in 0,001358 seconds 
========================================================================
Received Import Request.
  Time since last request: 10,983721 seconds.
  path: Assets/3D-bathroom-supplies-model/NewBehaviourScript.cs
  artifactKey: Guid(d938c083918bb8ba5ba7e016c911f5fb) Importer(815301076,1909f56bfc062723c751e8b465ee728b)
Start importing Assets/3D-bathroom-supplies-model/NewBehaviourScript.cs using Guid(d938c083918bb8ba5ba7e016c911f5fb) Importer(815301076,1909f56bfc062723c751e8b465ee728b)  -> (artifact id: 'e794c58f0587dcb4dfb34d4bd2c63e1f') in 0,001312 seconds 
========================================================================
Received Prepare
Assets/toiletpaper/toiletpaper.c4d: Unity no longer supports importing Cinema 4D files directly, but we're working with Maxon to make the experience better. To import Cinema 4D files, install Maxon's external importer. You can find more information on the Unity Forum: https://on.unity.com/c4d.

Please note that FBX files exported from Cinema4D are still supported.
Registering precompiled user dll's ...
Registered in 0,007494 seconds.
Begin MonoManager ReloadAssembly
Symbol file LoadedFromMemory doesn't match image /home/pasta/Documents/GitHub/Unity-project/Library/PackageCache/com.unity.visualscripting@1.8.0/Editor/VisualScripting.Core/Dependencies/YamlDotNet/Unity.VisualScripting.YamlDotNet.dll
Symbol file LoadedFromMemory doesn't match image /home/pasta/Documents/GitHub/Unity-project/Library/PackageCache/com.unity.visualscripting@1.8.0/Editor/VisualScripting.Core/Dependencies/DotNetZip/Unity.VisualScripting.IonicZip.dll
Native extension for LinuxStandalone target not found
Native extension for WebGL target not found
Refreshing native plugins compatible for Editor in 0,66 ms, found 0 plugins.
Preloading 0 native plugins for Editor in 0,00 ms.
Mono: successfully reloaded assembly
- Completed reload, in  1,638 seconds
Domain Reload Profiling:
	ReloadAssembly (1639ms)
		BeginReloadAssembly (206ms)
			ExecutionOrderSort (0ms)
			DisableScriptedObjects (8ms)
			BackupInstance (0ms)
			ReleaseScriptingObjects (0ms)
			CreateAndSetChildDomain (60ms)
		EndReloadAssembly (1240ms)
			LoadAssemblies (112ms)
			RebuildTransferFunctionScriptingTraits (1ms)
			SetupTypeCache (553ms)
			ReleaseScriptCaches (1ms)
			RebuildScriptCaches (79ms)
			SetupLoadedEditorAssemblies (441ms)
				LogAssemblyErrors (0ms)
				InitializePlatformSupportModulesInManaged (15ms)
				SetLoadedEditorAssemblies (1ms)
				RefreshPlugins (1ms)
				BeforeProcessingInitializeOnLoad (92ms)
				ProcessInitializeOnLoadAttributes (294ms)
				ProcessInitializeOnLoadMethodAttributes (27ms)
				AfterProcessingInitializeOnLoad (11ms)
				EditorAssembliesLoaded (0ms)
			ExecutionOrderSort2 (0ms)
			AwakeInstancesAfterBackupRestoration (6ms)
Platform modules already initialized, skipping
Refreshing native plugins compatible for Editor in 2,14 ms, found 0 plugins.
Preloading 0 native plugins for Editor in 0,00 ms.
Unloading 3043 Unused Serialized files (Serialized files now loaded: 0)
Unloading 17 unused Assets / (58,0 KB). Loaded Objects now: 3559.
Memory consumption went from 106,8 MB to 106,7 MB.
Total: 4,398382 ms (FindLiveObjects: 0,367514 ms CreateObjectMapping: 0,200226 ms MarkObjects: 3,565295 ms  DeleteObjects: 0,261786 ms)

AssetImportParameters requested are different than current active one (requested -> active):
  custom:video-decoder-ogg-theora: a1e56fd34408186e4bbccfd4996cb3dc -> 
  custom:container-muxer-webm: aa71ff27fc2769a1b78a27578f13a17b -> 
  custom:container-demuxer-webm: 4f35f7cbe854078d1ac9338744f61a02 -> 
  custom:video-encoder-webm-vp8: eb34c28f22e8b96e1ab97ce403110664 -> 
  custom:audio-encoder-webm-vorbis: bf7c407c2cedff20999df2af8eb42d56 -> 
  custom:container-demuxer-ogg: 62fdf1f143b41e24485cea50d1cbac27 -> 
  custom:video-decoder-webm-vp8: 9c59270c3fd7afecdb556c50c9e8de78 -> 
  custom:audio-decoder-ogg-vorbis: bf7c407c2cedff20999df2af8eb42d56 -> 
========================================================================
Received Prepare
Assets/toiletpaper/toiletpaper.c4d: Unity no longer supports importing Cinema 4D files directly, but we're working with Maxon to make the experience better. To import Cinema 4D files, install Maxon's external importer. You can find more information on the Unity Forum: https://on.unity.com/c4d.

Please note that FBX files exported from Cinema4D are still supported.
Registering precompiled user dll's ...
Registered in 0,007827 seconds.
Begin MonoManager ReloadAssembly
Symbol file LoadedFromMemory doesn't match image /home/pasta/Documents/GitHub/Unity-project/Library/PackageCache/com.unity.visualscripting@1.8.0/Editor/VisualScripting.Core/Dependencies/YamlDotNet/Unity.VisualScripting.YamlDotNet.dll
Symbol file LoadedFromMemory doesn't match image /home/pasta/Documents/GitHub/Unity-project/Library/PackageCache/com.unity.visualscripting@1.8.0/Editor/VisualScripting.Core/Dependencies/DotNetZip/Unity.VisualScripting.IonicZip.dll
Native extension for LinuxStandalone target not found
Native extension for WebGL target not found
Refreshing native plugins compatible for Editor in 0,72 ms, found 0 plugins.
Preloading 0 native plugins for Editor in 0,00 ms.
Mono: successfully reloaded assembly
- Completed reload, in  1,630 seconds
Domain Reload Profiling:
	ReloadAssembly (1631ms)
		BeginReloadAssembly (169ms)
			ExecutionOrderSort (0ms)
			DisableScriptedObjects (8ms)
			BackupInstance (0ms)
			ReleaseScriptingObjects (0ms)
			CreateAndSetChildDomain (45ms)
		EndReloadAssembly (1312ms)
			LoadAssemblies (95ms)
			RebuildTransferFunctionScriptingTraits (0ms)
			SetupTypeCache (468ms)
			ReleaseScriptCaches (1ms)
			RebuildScriptCaches (67ms)
			SetupLoadedEditorAssemblies (606ms)
				LogAssemblyErrors (0ms)
				InitializePlatformSupportModulesInManaged (14ms)
				SetLoadedEditorAssemblies (1ms)
				RefreshPlugins (1ms)
				BeforeProcessingInitializeOnLoad (95ms)
				ProcessInitializeOnLoadAttributes (448ms)
				ProcessInitializeOnLoadMethodAttributes (35ms)
				AfterProcessingInitializeOnLoad (13ms)
				EditorAssembliesLoaded (0ms)
			ExecutionOrderSort2 (0ms)
			AwakeInstancesAfterBackupRestoration (6ms)
Platform modules already initialized, skipping
Refreshing native plugins compatible for Editor in 2,35 ms, found 0 plugins.
Preloading 0 native plugins for Editor in 0,00 ms.
Unloading 3042 Unused Serialized files (Serialized files now loaded: 0)
Unloading 18 unused Assets / (58,0 KB). Loaded Objects now: 3561.
Memory consumption went from 106,8 MB to 106,7 MB.
Total: 4,258827 ms (FindLiveObjects: 0,279047 ms CreateObjectMapping: 0,106948 ms MarkObjects: 3,606032 ms  DeleteObjects: 0,265061 ms)

AssetImportParameters requested are different than current active one (requested -> active):
  custom:video-decoder-ogg-theora: a1e56fd34408186e4bbccfd4996cb3dc -> 
  custom:container-muxer-webm: aa71ff27fc2769a1b78a27578f13a17b -> 
  custom:container-demuxer-webm: 4f35f7cbe854078d1ac9338744f61a02 -> 
  custom:video-encoder-webm-vp8: eb34c28f22e8b96e1ab97ce403110664 -> 
  custom:audio-encoder-webm-vorbis: bf7c407c2cedff20999df2af8eb42d56 -> 
  custom:container-demuxer-ogg: 62fdf1f143b41e24485cea50d1cbac27 -> 
  custom:video-decoder-webm-vp8: 9c59270c3fd7afecdb556c50c9e8de78 -> 
  custom:audio-decoder-ogg-vorbis: bf7c407c2cedff20999df2af8eb42d56 -> 
========================================================================
Received Import Request.
  Time since last request: 81,255087 seconds.
  path: Assets/NewBehaviourScript.cs
  artifactKey: Guid(bf5d2ee48fa3b1b37a3de3c97883fcf9) Importer(815301076,1909f56bfc062723c751e8b465ee728b)
Start importing Assets/NewBehaviourScript.cs using Guid(bf5d2ee48fa3b1b37a3de3c97883fcf9) Importer(815301076,1909f56bfc062723c751e8b465ee728b)  -> (artifact id: '10f1f5ebc8d72b8a0a926e1ab17267e3') in 0,018688 seconds 
========================================================================
Received Prepare
Assets/toiletpaper/toiletpaper.c4d: Unity no longer supports importing Cinema 4D files directly, but we're working with Maxon to make the experience better. To import Cinema 4D files, install Maxon's external importer. You can find more information on the Unity Forum: https://on.unity.com/c4d.

Please note that FBX files exported from Cinema4D are still supported.
Registering precompiled user dll's ...
Registered in 0,005437 seconds.
Begin MonoManager ReloadAssembly
Symbol file LoadedFromMemory doesn't match image /home/pasta/Documents/GitHub/Unity-project/Library/PackageCache/com.unity.visualscripting@1.8.0/Editor/VisualScripting.Core/Dependencies/YamlDotNet/Unity.VisualScripting.YamlDotNet.dll
Symbol file LoadedFromMemory doesn't match image /home/pasta/Documents/GitHub/Unity-project/Library/PackageCache/com.unity.visualscripting@1.8.0/Editor/VisualScripting.Core/Dependencies/DotNetZip/Unity.VisualScripting.IonicZip.dll
Native extension for LinuxStandalone target not found
Native extension for WebGL target not found
Refreshing native plugins compatible for Editor in 0,60 ms, found 0 plugins.
Preloading 0 native plugins for Editor in 0,00 ms.
Mono: successfully reloaded assembly
- Completed reload, in  1,743 seconds
Domain Reload Profiling:
	ReloadAssembly (1744ms)
		BeginReloadAssembly (188ms)
			ExecutionOrderSort (0ms)
			DisableScriptedObjects (9ms)
			BackupInstance (0ms)
			ReleaseScriptingObjects (0ms)
			CreateAndSetChildDomain (59ms)
		EndReloadAssembly (1403ms)
			LoadAssemblies (93ms)
			RebuildTransferFunctionScriptingTraits (0ms)
			SetupTypeCache (514ms)
			ReleaseScriptCaches (1ms)
			RebuildScriptCaches (62ms)
			SetupLoadedEditorAssemblies (650ms)
				LogAssemblyErrors (0ms)
				InitializePlatformSupportModulesInManaged (15ms)
				SetLoadedEditorAssemblies (1ms)
				RefreshPlugins (1ms)
				BeforeProcessingInitializeOnLoad (118ms)
				ProcessInitializeOnLoadAttributes (445ms)
				ProcessInitializeOnLoadMethodAttributes (52ms)
				AfterProcessingInitializeOnLoad (18ms)
				EditorAssembliesLoaded (0ms)
			ExecutionOrderSort2 (0ms)
			AwakeInstancesAfterBackupRestoration (11ms)
Platform modules already initialized, skipping
Refreshing native plugins compatible for Editor in 1,73 ms, found 0 plugins.
Preloading 0 native plugins for Editor in 0,00 ms.
Unloading 3043 Unused Serialized files (Serialized files now loaded: 0)
Unloading 17 unused Assets / (58,0 KB). Loaded Objects now: 3565.
Memory consumption went from 106,8 MB to 106,7 MB.
Total: 4,455931 ms (FindLiveObjects: 0,292579 ms CreateObjectMapping: 0,105465 ms MarkObjects: 3,692541 ms  DeleteObjects: 0,363209 ms)

AssetImportParameters requested are different than current active one (requested -> active):
  custom:video-decoder-ogg-theora: a1e56fd34408186e4bbccfd4996cb3dc -> 
  custom:container-muxer-webm: aa71ff27fc2769a1b78a27578f13a17b -> 
  custom:container-demuxer-webm: 4f35f7cbe854078d1ac9338744f61a02 -> 
  custom:video-encoder-webm-vp8: eb34c28f22e8b96e1ab97ce403110664 -> 
  custom:audio-encoder-webm-vorbis: bf7c407c2cedff20999df2af8eb42d56 -> 
  custom:container-demuxer-ogg: 62fdf1f143b41e24485cea50d1cbac27 -> 
  custom:video-decoder-webm-vp8: 9c59270c3fd7afecdb556c50c9e8de78 -> 
  custom:audio-decoder-ogg-vorbis: bf7c407c2cedff20999df2af8eb42d56 -> 
========================================================================
Received Import Request.
  Time since last request: 65,340614 seconds.
  path: Assets/Light.cs
  artifactKey: Guid(bf5d2ee48fa3b1b37a3de3c97883fcf9) Importer(815301076,1909f56bfc062723c751e8b465ee728b)
Start importing Assets/Light.cs using Guid(bf5d2ee48fa3b1b37a3de3c97883fcf9) Importer(815301076,1909f56bfc062723c751e8b465ee728b)  -> (artifact id: '81a00c994cdbb1d3f3a15d29595b4aa3') in 0,018141 seconds 
========================================================================
Received Prepare
Assets/toiletpaper/toiletpaper.c4d: Unity no longer supports importing Cinema 4D files directly, but we're working with Maxon to make the experience better. To import Cinema 4D files, install Maxon's external importer. You can find more information on the Unity Forum: https://on.unity.com/c4d.

Please note that FBX files exported from Cinema4D are still supported.
Registering precompiled user dll's ...
Registered in 0,007596 seconds.
Begin MonoManager ReloadAssembly
Symbol file LoadedFromMemory doesn't match image /home/pasta/Documents/GitHub/Unity-project/Library/PackageCache/com.unity.visualscripting@1.8.0/Editor/VisualScripting.Core/Dependencies/YamlDotNet/Unity.VisualScripting.YamlDotNet.dll
Symbol file LoadedFromMemory doesn't match image /home/pasta/Documents/GitHub/Unity-project/Library/PackageCache/com.unity.visualscripting@1.8.0/Editor/VisualScripting.Core/Dependencies/DotNetZip/Unity.VisualScripting.IonicZip.dll
Native extension for LinuxStandalone target not found
Native extension for WebGL target not found
Refreshing native plugins compatible for Editor in 0,61 ms, found 0 plugins.
Preloading 0 native plugins for Editor in 0,00 ms.
Mono: successfully reloaded assembly
- Completed reload, in  1,693 seconds
Domain Reload Profiling:
	ReloadAssembly (1694ms)
		BeginReloadAssembly (188ms)
			ExecutionOrderSort (0ms)
			DisableScriptedObjects (9ms)
			BackupInstance (0ms)
			ReleaseScriptingObjects (0ms)
			CreateAndSetChildDomain (47ms)
		EndReloadAssembly (1349ms)
			LoadAssemblies (105ms)
			RebuildTransferFunctionScriptingTraits (0ms)
			SetupTypeCache (513ms)
			ReleaseScriptCaches (2ms)
			RebuildScriptCaches (71ms)
			SetupLoadedEditorAssemblies (573ms)
				LogAssemblyErrors (0ms)
				InitializePlatformSupportModulesInManaged (18ms)
				SetLoadedEditorAssemblies (1ms)
				RefreshPlugins (1ms)
				BeforeProcessingInitializeOnLoad (91ms)
				ProcessInitializeOnLoadAttributes (409ms)
				ProcessInitializeOnLoadMethodAttributes (41ms)
				AfterProcessingInitializeOnLoad (13ms)
				EditorAssembliesLoaded (1ms)
			ExecutionOrderSort2 (0ms)
			AwakeInstancesAfterBackupRestoration (9ms)
Platform modules already initialized, skipping
Refreshing native plugins compatible for Editor in 2,64 ms, found 0 plugins.
Preloading 0 native plugins for Editor in 0,00 ms.
Unloading 3043 Unused Serialized files (Serialized files now loaded: 0)
Unloading 17 unused Assets / (57,9 KB). Loaded Objects now: 3568.
Memory consumption went from 106,8 MB to 106,7 MB.
Total: 6,838191 ms (FindLiveObjects: 0,326098 ms CreateObjectMapping: 0,250822 ms MarkObjects: 5,420525 ms  DeleteObjects: 0,837334 ms)

AssetImportParameters requested are different than current active one (requested -> active):
  custom:video-decoder-ogg-theora: a1e56fd34408186e4bbccfd4996cb3dc -> 
  custom:container-muxer-webm: aa71ff27fc2769a1b78a27578f13a17b -> 
  custom:container-demuxer-webm: 4f35f7cbe854078d1ac9338744f61a02 -> 
  custom:video-encoder-webm-vp8: eb34c28f22e8b96e1ab97ce403110664 -> 
  custom:audio-encoder-webm-vorbis: bf7c407c2cedff20999df2af8eb42d56 -> 
  custom:container-demuxer-ogg: 62fdf1f143b41e24485cea50d1cbac27 -> 
  custom:video-decoder-webm-vp8: 9c59270c3fd7afecdb556c50c9e8de78 -> 
  custom:audio-decoder-ogg-vorbis: bf7c407c2cedff20999df2af8eb42d56 -> 
========================================================================
Received Import Request.
  Time since last request: 8,096356 seconds.
  path: Assets/Light.cs
  artifactKey: Guid(bf5d2ee48fa3b1b37a3de3c97883fcf9) Importer(815301076,1909f56bfc062723c751e8b465ee728b)
Start importing Assets/Light.cs using Guid(bf5d2ee48fa3b1b37a3de3c97883fcf9) Importer(815301076,1909f56bfc062723c751e8b465ee728b)  -> (artifact id: '803b50d8f158316c3e55bb31e3bbddb1') in 0,007921 seconds 
========================================================================
Received Prepare
Assets/toiletpaper/toiletpaper.c4d: Unity no longer supports importing Cinema 4D files directly, but we're working with Maxon to make the experience better. To import Cinema 4D files, install Maxon's external importer. You can find more information on the Unity Forum: https://on.unity.com/c4d.

Please note that FBX files exported from Cinema4D are still supported.
Registering precompiled user dll's ...
Registered in 0,006834 seconds.
Begin MonoManager ReloadAssembly
Symbol file LoadedFromMemory doesn't match image /home/pasta/Documents/GitHub/Unity-project/Library/PackageCache/com.unity.visualscripting@1.8.0/Editor/VisualScripting.Core/Dependencies/YamlDotNet/Unity.VisualScripting.YamlDotNet.dll
Symbol file LoadedFromMemory doesn't match image /home/pasta/Documents/GitHub/Unity-project/Library/PackageCache/com.unity.visualscripting@1.8.0/Editor/VisualScripting.Core/Dependencies/DotNetZip/Unity.VisualScripting.IonicZip.dll
Native extension for LinuxStandalone target not found
Native extension for WebGL target not found
Refreshing native plugins compatible for Editor in 0,72 ms, found 0 plugins.
Preloading 0 native plugins for Editor in 0,00 ms.
Mono: successfully reloaded assembly
- Completed reload, in  1,816 seconds
Domain Reload Profiling:
	ReloadAssembly (1818ms)
		BeginReloadAssembly (182ms)
			ExecutionOrderSort (0ms)
			DisableScriptedObjects (9ms)
			BackupInstance (0ms)
			ReleaseScriptingObjects (0ms)
			CreateAndSetChildDomain (49ms)
		EndReloadAssembly (1446ms)
			LoadAssemblies (101ms)
			RebuildTransferFunctionScriptingTraits (0ms)
			SetupTypeCache (535ms)
			ReleaseScriptCaches (1ms)
			RebuildScriptCaches (91ms)
			SetupLoadedEditorAssemblies (603ms)
				LogAssemblyErrors (0ms)
				InitializePlatformSupportModulesInManaged (17ms)
				SetLoadedEditorAssemblies (1ms)
				RefreshPlugins (1ms)
				BeforeProcessingInitializeOnLoad (94ms)
				ProcessInitializeOnLoadAttributes (405ms)
				ProcessInitializeOnLoadMethodAttributes (64ms)
				AfterProcessingInitializeOnLoad (20ms)
				EditorAssembliesLoaded (1ms)
			ExecutionOrderSort2 (0ms)
			AwakeInstancesAfterBackupRestoration (13ms)
Platform modules already initialized, skipping
Refreshing native plugins compatible for Editor in 1,85 ms, found 0 plugins.
Preloading 0 native plugins for Editor in 0,00 ms.
Unloading 3042 Unused Serialized files (Serialized files now loaded: 0)
Unloading 18 unused Assets / (58,0 KB). Loaded Objects now: 3570.
Memory consumption went from 106,8 MB to 106,7 MB.
Total: 4,704819 ms (FindLiveObjects: 0,329210 ms CreateObjectMapping: 0,242122 ms MarkObjects: 3,935455 ms  DeleteObjects: 0,195991 ms)

AssetImportParameters requested are different than current active one (requested -> active):
  custom:video-decoder-ogg-theora: a1e56fd34408186e4bbccfd4996cb3dc -> 
  custom:container-muxer-webm: aa71ff27fc2769a1b78a27578f13a17b -> 
  custom:container-demuxer-webm: 4f35f7cbe854078d1ac9338744f61a02 -> 
  custom:video-encoder-webm-vp8: eb34c28f22e8b96e1ab97ce403110664 -> 
  custom:audio-encoder-webm-vorbis: bf7c407c2cedff20999df2af8eb42d56 -> 
  custom:container-demuxer-ogg: 62fdf1f143b41e24485cea50d1cbac27 -> 
  custom:video-decoder-webm-vp8: 9c59270c3fd7afecdb556c50c9e8de78 -> 
  custom:audio-decoder-ogg-vorbis: bf7c407c2cedff20999df2af8eb42d56 -> 
========================================================================
Received Prepare
Assets/toiletpaper/toiletpaper.c4d: Unity no longer supports importing Cinema 4D files directly, but we're working with Maxon to make the experience better. To import Cinema 4D files, install Maxon's external importer. You can find more information on the Unity Forum: https://on.unity.com/c4d.

Please note that FBX files exported from Cinema4D are still supported.
Registering precompiled user dll's ...
Registered in 0,006631 seconds.
Begin MonoManager ReloadAssembly
Symbol file LoadedFromMemory doesn't match image /home/pasta/Documents/GitHub/Unity-project/Library/PackageCache/com.unity.visualscripting@1.8.0/Editor/VisualScripting.Core/Dependencies/YamlDotNet/Unity.VisualScripting.YamlDotNet.dll
Symbol file LoadedFromMemory doesn't match image /home/pasta/Documents/GitHub/Unity-project/Library/PackageCache/com.unity.visualscripting@1.8.0/Editor/VisualScripting.Core/Dependencies/DotNetZip/Unity.VisualScripting.IonicZip.dll
Native extension for LinuxStandalone target not found
Native extension for WebGL target not found
Refreshing native plugins compatible for Editor in 0,59 ms, found 0 plugins.
Preloading 0 native plugins for Editor in 0,00 ms.
Mono: successfully reloaded assembly
- Completed reload, in  1,480 seconds
Domain Reload Profiling:
	ReloadAssembly (1481ms)
		BeginReloadAssembly (170ms)
			ExecutionOrderSort (0ms)
			DisableScriptedObjects (9ms)
			BackupInstance (0ms)
			ReleaseScriptingObjects (0ms)
			CreateAndSetChildDomain (50ms)
		EndReloadAssembly (1158ms)
			LoadAssemblies (87ms)
			RebuildTransferFunctionScriptingTraits (0ms)
			SetupTypeCache (434ms)
			ReleaseScriptCaches (3ms)
			RebuildScriptCaches (98ms)
			SetupLoadedEditorAssemblies (445ms)
				LogAssemblyErrors (0ms)
				InitializePlatformSupportModulesInManaged (14ms)
				SetLoadedEditorAssemblies (1ms)
				RefreshPlugins (1ms)
				BeforeProcessingInitializeOnLoad (92ms)
				ProcessInitializeOnLoadAttributes (296ms)
				ProcessInitializeOnLoadMethodAttributes (31ms)
				AfterProcessingInitializeOnLoad (11ms)
				EditorAssembliesLoaded (0ms)
			ExecutionOrderSort2 (0ms)
			AwakeInstancesAfterBackupRestoration (8ms)
Platform modules already initialized, skipping
Refreshing native plugins compatible for Editor in 3,69 ms, found 0 plugins.
Preloading 0 native plugins for Editor in 0,00 ms.
Unloading 3043 Unused Serialized files (Serialized files now loaded: 0)
Unloading 17 unused Assets / (57,9 KB). Loaded Objects now: 3574.
Memory consumption went from 106,8 MB to 106,8 MB.
Total: 9,171954 ms (FindLiveObjects: 0,419757 ms CreateObjectMapping: 0,729815 ms MarkObjects: 7,560015 ms  DeleteObjects: 0,459573 ms)

AssetImportParameters requested are different than current active one (requested -> active):
  custom:video-decoder-ogg-theora: a1e56fd34408186e4bbccfd4996cb3dc -> 
  custom:container-muxer-webm: aa71ff27fc2769a1b78a27578f13a17b -> 
  custom:container-demuxer-webm: 4f35f7cbe854078d1ac9338744f61a02 -> 
  custom:video-encoder-webm-vp8: eb34c28f22e8b96e1ab97ce403110664 -> 
  custom:audio-encoder-webm-vorbis: bf7c407c2cedff20999df2af8eb42d56 -> 
  custom:container-demuxer-ogg: 62fdf1f143b41e24485cea50d1cbac27 -> 
  custom:video-decoder-webm-vp8: 9c59270c3fd7afecdb556c50c9e8de78 -> 
  custom:audio-decoder-ogg-vorbis: bf7c407c2cedff20999df2af8eb42d56 -> 
========================================================================
Received Import Request.
  Time since last request: 213,929871 seconds.
  path: Assets/Light.cs
  artifactKey: Guid(bf5d2ee48fa3b1b37a3de3c97883fcf9) Importer(815301076,1909f56bfc062723c751e8b465ee728b)
Start importing Assets/Light.cs using Guid(bf5d2ee48fa3b1b37a3de3c97883fcf9) Importer(815301076,1909f56bfc062723c751e8b465ee728b)  -> (artifact id: '702d006926a919d57b758251f1139021') in 0,009657 seconds 
========================================================================
Received Import Request.
  Time since last request: 11,368424 seconds.
  path: Assets/Light.cs
  artifactKey: Guid(bf5d2ee48fa3b1b37a3de3c97883fcf9) Importer(815301076,1909f56bfc062723c751e8b465ee728b)
Start importing Assets/Light.cs using Guid(bf5d2ee48fa3b1b37a3de3c97883fcf9) Importer(815301076,1909f56bfc062723c751e8b465ee728b)  -> (artifact id: '6800ce353f144e0746474ed51a8d6121') in 0,002343 seconds 
========================================================================
Received Import Request.
  Time since last request: 442,228907 seconds.
  path: Assets/Light.cs
  artifactKey: Guid(bf5d2ee48fa3b1b37a3de3c97883fcf9) Importer(815301076,1909f56bfc062723c751e8b465ee728b)
Start importing Assets/Light.cs using Guid(bf5d2ee48fa3b1b37a3de3c97883fcf9) Importer(815301076,1909f56bfc062723c751e8b465ee728b)  -> (artifact id: '148838636bcee4e9ec55a6a4d98be8f9') in 0,001624 seconds 
========================================================================
Received Import Request.
  Time since last request: 40,837531 seconds.
  path: Assets/Light.cs
  artifactKey: Guid(bf5d2ee48fa3b1b37a3de3c97883fcf9) Importer(815301076,1909f56bfc062723c751e8b465ee728b)
Start importing Assets/Light.cs using Guid(bf5d2ee48fa3b1b37a3de3c97883fcf9) Importer(815301076,1909f56bfc062723c751e8b465ee728b)  -> (artifact id: 'e53ec41ed405ac0b605e6d01477723a9') in 0,000866 seconds 
========================================================================
Received Import Request.
  Time since last request: 583,513161 seconds.
  path: Assets/Light.cs
  artifactKey: Guid(bf5d2ee48fa3b1b37a3de3c97883fcf9) Importer(815301076,1909f56bfc062723c751e8b465ee728b)
Start importing Assets/Light.cs using Guid(bf5d2ee48fa3b1b37a3de3c97883fcf9) Importer(815301076,1909f56bfc062723c751e8b465ee728b)  -> (artifact id: '7031bb2dc54b39f19f7b7ef438d7480c') in 0,001268 seconds 
========================================================================
Received Import Request.
  Time since last request: 78,565408 seconds.
  path: Assets/Light.cs
  artifactKey: Guid(bf5d2ee48fa3b1b37a3de3c97883fcf9) Importer(815301076,1909f56bfc062723c751e8b465ee728b)
Start importing Assets/Light.cs using Guid(bf5d2ee48fa3b1b37a3de3c97883fcf9) Importer(815301076,1909f56bfc062723c751e8b465ee728b)  -> (artifact id: 'd78ec693e5de95667147554248956f9e') in 0,000875 seconds 
========================================================================
Received Prepare
Assets/toiletpaper/toiletpaper.c4d: Unity no longer supports importing Cinema 4D files directly, but we're working with Maxon to make the experience better. To import Cinema 4D files, install Maxon's external importer. You can find more information on the Unity Forum: https://on.unity.com/c4d.

Please note that FBX files exported from Cinema4D are still supported.
Registering precompiled user dll's ...
Registered in 0,006360 seconds.
Begin MonoManager ReloadAssembly
Symbol file LoadedFromMemory doesn't match image /home/pasta/Documents/GitHub/Unity-project/Library/PackageCache/com.unity.visualscripting@1.8.0/Editor/VisualScripting.Core/Dependencies/YamlDotNet/Unity.VisualScripting.YamlDotNet.dll
Symbol file LoadedFromMemory doesn't match image /home/pasta/Documents/GitHub/Unity-project/Library/PackageCache/com.unity.visualscripting@1.8.0/Editor/VisualScripting.Core/Dependencies/DotNetZip/Unity.VisualScripting.IonicZip.dll
Native extension for LinuxStandalone target not found
Native extension for WebGL target not found
Refreshing native plugins compatible for Editor in 0,62 ms, found 0 plugins.
Preloading 0 native plugins for Editor in 0,00 ms.
Mono: successfully reloaded assembly
- Completed reload, in  1,573 seconds
Domain Reload Profiling:
	ReloadAssembly (1574ms)
		BeginReloadAssembly (214ms)
			ExecutionOrderSort (0ms)
			DisableScriptedObjects (13ms)
			BackupInstance (0ms)
			ReleaseScriptingObjects (0ms)
			CreateAndSetChildDomain (49ms)
		EndReloadAssembly (1137ms)
			LoadAssemblies (121ms)
			RebuildTransferFunctionScriptingTraits (0ms)
			SetupTypeCache (450ms)
			ReleaseScriptCaches (2ms)
			RebuildScriptCaches (65ms)
			SetupLoadedEditorAssemblies (459ms)
				LogAssemblyErrors (0ms)
				InitializePlatformSupportModulesInManaged (14ms)
				SetLoadedEditorAssemblies (1ms)
				RefreshPlugins (1ms)
				BeforeProcessingInitializeOnLoad (92ms)
				ProcessInitializeOnLoadAttributes (315ms)
				ProcessInitializeOnLoadMethodAttributes (26ms)
				AfterProcessingInitializeOnLoad (10ms)
				EditorAssembliesLoaded (0ms)
			ExecutionOrderSort2 (0ms)
			AwakeInstancesAfterBackupRestoration (6ms)
Platform modules already initialized, skipping
Refreshing native plugins compatible for Editor in 1,80 ms, found 0 plugins.
Preloading 0 native plugins for Editor in 0,00 ms.
Unloading 3043 Unused Serialized files (Serialized files now loaded: 0)
Unloading 17 unused Assets / (57,9 KB). Loaded Objects now: 3577.
Memory consumption went from 106,8 MB to 106,8 MB.
Total: 5,601574 ms (FindLiveObjects: 0,277344 ms CreateObjectMapping: 0,106686 ms MarkObjects: 4,531788 ms  DeleteObjects: 0,683590 ms)

AssetImportParameters requested are different than current active one (requested -> active):
  custom:video-decoder-ogg-theora: a1e56fd34408186e4bbccfd4996cb3dc -> 
  custom:container-muxer-webm: aa71ff27fc2769a1b78a27578f13a17b -> 
  custom:container-demuxer-webm: 4f35f7cbe854078d1ac9338744f61a02 -> 
  custom:video-encoder-webm-vp8: eb34c28f22e8b96e1ab97ce403110664 -> 
  custom:audio-encoder-webm-vorbis: bf7c407c2cedff20999df2af8eb42d56 -> 
  custom:container-demuxer-ogg: 62fdf1f143b41e24485cea50d1cbac27 -> 
  custom:video-decoder-webm-vp8: 9c59270c3fd7afecdb556c50c9e8de78 -> 
  custom:audio-decoder-ogg-vorbis: bf7c407c2cedff20999df2af8eb42d56 -> 
========================================================================
Received Import Request.
  Time since last request: 84,037669 seconds.
  path: Assets/Light.cs
  artifactKey: Guid(bf5d2ee48fa3b1b37a3de3c97883fcf9) Importer(815301076,1909f56bfc062723c751e8b465ee728b)
Start importing Assets/Light.cs using Guid(bf5d2ee48fa3b1b37a3de3c97883fcf9) Importer(815301076,1909f56bfc062723c751e8b465ee728b)  -> (artifact id: '0366513732d7eb81598663934d71ea5b') in 0,007221 seconds 
========================================================================
Received Import Request.
  Time since last request: 76,177992 seconds.
  path: Assets/light.cs
  artifactKey: Guid(bf5d2ee48fa3b1b37a3de3c97883fcf9) Importer(815301076,1909f56bfc062723c751e8b465ee728b)
Start importing Assets/light.cs using Guid(bf5d2ee48fa3b1b37a3de3c97883fcf9) Importer(815301076,1909f56bfc062723c751e8b465ee728b)  -> (artifact id: '16f13e363383d97c2e5b34933e0e4375') in 0,003052 seconds 
========================================================================
Received Prepare
Assets/toiletpaper/toiletpaper.c4d: Unity no longer supports importing Cinema 4D files directly, but we're working with Maxon to make the experience better. To import Cinema 4D files, install Maxon's external importer. You can find more information on the Unity Forum: https://on.unity.com/c4d.

Please note that FBX files exported from Cinema4D are still supported.
Registering precompiled user dll's ...
Registered in 0,008096 seconds.
Begin MonoManager ReloadAssembly
Symbol file LoadedFromMemory doesn't match image /home/pasta/Documents/GitHub/Unity-project/Library/PackageCache/com.unity.visualscripting@1.8.0/Editor/VisualScripting.Core/Dependencies/YamlDotNet/Unity.VisualScripting.YamlDotNet.dll
Symbol file LoadedFromMemory doesn't match image /home/pasta/Documents/GitHub/Unity-project/Library/PackageCache/com.unity.visualscripting@1.8.0/Editor/VisualScripting.Core/Dependencies/DotNetZip/Unity.VisualScripting.IonicZip.dll
Native extension for LinuxStandalone target not found
Native extension for WebGL target not found
Refreshing native plugins compatible for Editor in 1,06 ms, found 0 plugins.
Preloading 0 native plugins for Editor in 0,00 ms.
Mono: successfully reloaded assembly
- Completed reload, in  1,944 seconds
Domain Reload Profiling:
	ReloadAssembly (1946ms)
		BeginReloadAssembly (233ms)
			ExecutionOrderSort (0ms)
			DisableScriptedObjects (13ms)
			BackupInstance (0ms)
			ReleaseScriptingObjects (0ms)
			CreateAndSetChildDomain (51ms)
		EndReloadAssembly (1482ms)
			LoadAssemblies (136ms)
			RebuildTransferFunctionScriptingTraits (0ms)
			SetupTypeCache (492ms)
			ReleaseScriptCaches (1ms)
			RebuildScriptCaches (67ms)
			SetupLoadedEditorAssemblies (712ms)
				LogAssemblyErrors (0ms)
				InitializePlatformSupportModulesInManaged (23ms)
				SetLoadedEditorAssemblies (2ms)
				RefreshPlugins (1ms)
				BeforeProcessingInitializeOnLoad (127ms)
				ProcessInitializeOnLoadAttributes (522ms)
				ProcessInitializeOnLoadMethodAttributes (27ms)
				AfterProcessingInitializeOnLoad (10ms)
				EditorAssembliesLoaded (0ms)
			ExecutionOrderSort2 (0ms)
			AwakeInstancesAfterBackupRestoration (8ms)
Platform modules already initialized, skipping
Refreshing native plugins compatible for Editor in 1,77 ms, found 0 plugins.
Preloading 0 native plugins for Editor in 0,00 ms.
Unloading 3043 Unused Serialized files (Serialized files now loaded: 0)
Unloading 17 unused Assets / (58,1 KB). Loaded Objects now: 3580.
Memory consumption went from 106,8 MB to 106,8 MB.
Total: 4,216929 ms (FindLiveObjects: 0,297983 ms CreateObjectMapping: 0,109613 ms MarkObjects: 3,605931 ms  DeleteObjects: 0,201705 ms)

AssetImportParameters requested are different than current active one (requested -> active):
  custom:video-decoder-ogg-theora: a1e56fd34408186e4bbccfd4996cb3dc -> 
  custom:container-muxer-webm: aa71ff27fc2769a1b78a27578f13a17b -> 
  custom:container-demuxer-webm: 4f35f7cbe854078d1ac9338744f61a02 -> 
  custom:video-encoder-webm-vp8: eb34c28f22e8b96e1ab97ce403110664 -> 
  custom:audio-encoder-webm-vorbis: bf7c407c2cedff20999df2af8eb42d56 -> 
  custom:container-demuxer-ogg: 62fdf1f143b41e24485cea50d1cbac27 -> 
  custom:video-decoder-webm-vp8: 9c59270c3fd7afecdb556c50c9e8de78 -> 
  custom:audio-decoder-ogg-vorbis: bf7c407c2cedff20999df2af8eb42d56 -> 
========================================================================
Received Prepare
Assets/toiletpaper/toiletpaper.c4d: Unity no longer supports importing Cinema 4D files directly, but we're working with Maxon to make the experience better. To import Cinema 4D files, install Maxon's external importer. You can find more information on the Unity Forum: https://on.unity.com/c4d.

Please note that FBX files exported from Cinema4D are still supported.
Registering precompiled user dll's ...
Registered in 0,006880 seconds.
Begin MonoManager ReloadAssembly
Symbol file LoadedFromMemory doesn't match image /home/pasta/Documents/GitHub/Unity-project/Library/PackageCache/com.unity.visualscripting@1.8.0/Editor/VisualScripting.Core/Dependencies/YamlDotNet/Unity.VisualScripting.YamlDotNet.dll
Symbol file LoadedFromMemory doesn't match image /home/pasta/Documents/GitHub/Unity-project/Library/PackageCache/com.unity.visualscripting@1.8.0/Editor/VisualScripting.Core/Dependencies/DotNetZip/Unity.VisualScripting.IonicZip.dll
Native extension for LinuxStandalone target not found
Native extension for WebGL target not found
Refreshing native plugins compatible for Editor in 1,30 ms, found 0 plugins.
Preloading 0 native plugins for Editor in 0,00 ms.
Mono: successfully reloaded assembly
- Completed reload, in  1,778 seconds
Domain Reload Profiling:
	ReloadAssembly (1779ms)
		BeginReloadAssembly (177ms)
			ExecutionOrderSort (0ms)
			DisableScriptedObjects (8ms)
			BackupInstance (0ms)
			ReleaseScriptingObjects (0ms)
			CreateAndSetChildDomain (47ms)
		EndReloadAssembly (1455ms)
			LoadAssemblies (97ms)
			RebuildTransferFunctionScriptingTraits (0ms)
			SetupTypeCache (474ms)
			ReleaseScriptCaches (1ms)
			RebuildScriptCaches (131ms)
			SetupLoadedEditorAssemblies (629ms)
				LogAssemblyErrors (0ms)
				InitializePlatformSupportModulesInManaged (20ms)
				SetLoadedEditorAssemblies (2ms)
				RefreshPlugins (1ms)
				BeforeProcessingInitializeOnLoad (133ms)
				ProcessInitializeOnLoadAttributes (418ms)
				ProcessInitializeOnLoadMethodAttributes (40ms)
				AfterProcessingInitializeOnLoad (15ms)
				EditorAssembliesLoaded (0ms)
			ExecutionOrderSort2 (0ms)
			AwakeInstancesAfterBackupRestoration (7ms)
Platform modules already initialized, skipping
Refreshing native plugins compatible for Editor in 3,63 ms, found 0 plugins.
Preloading 0 native plugins for Editor in 0,00 ms.
Unloading 3043 Unused Serialized files (Serialized files now loaded: 0)
Unloading 17 unused Assets / (58,0 KB). Loaded Objects now: 3583.
Memory consumption went from 106,8 MB to 106,8 MB.
Total: 8,349853 ms (FindLiveObjects: 0,513268 ms CreateObjectMapping: 0,217904 ms MarkObjects: 5,433050 ms  DeleteObjects: 2,183184 ms)

AssetImportParameters requested are different than current active one (requested -> active):
  custom:video-decoder-ogg-theora: a1e56fd34408186e4bbccfd4996cb3dc -> 
  custom:container-muxer-webm: aa71ff27fc2769a1b78a27578f13a17b -> 
  custom:container-demuxer-webm: 4f35f7cbe854078d1ac9338744f61a02 -> 
  custom:video-encoder-webm-vp8: eb34c28f22e8b96e1ab97ce403110664 -> 
  custom:audio-encoder-webm-vorbis: bf7c407c2cedff20999df2af8eb42d56 -> 
  custom:container-demuxer-ogg: 62fdf1f143b41e24485cea50d1cbac27 -> 
  custom:video-decoder-webm-vp8: 9c59270c3fd7afecdb556c50c9e8de78 -> 
  custom:audio-decoder-ogg-vorbis: bf7c407c2cedff20999df2af8eb42d56 -> 
========================================================================
Received Prepare
Assets/toiletpaper/toiletpaper.c4d: Unity no longer supports importing Cinema 4D files directly, but we're working with Maxon to make the experience better. To import Cinema 4D files, install Maxon's external importer. You can find more information on the Unity Forum: https://on.unity.com/c4d.

Please note that FBX files exported from Cinema4D are still supported.
Registering precompiled user dll's ...
Registered in 0,005645 seconds.
Begin MonoManager ReloadAssembly
Symbol file LoadedFromMemory doesn't match image /home/pasta/Documents/GitHub/Unity-project/Library/PackageCache/com.unity.visualscripting@1.8.0/Editor/VisualScripting.Core/Dependencies/YamlDotNet/Unity.VisualScripting.YamlDotNet.dll
Symbol file LoadedFromMemory doesn't match image /home/pasta/Documents/GitHub/Unity-project/Library/PackageCache/com.unity.visualscripting@1.8.0/Editor/VisualScripting.Core/Dependencies/DotNetZip/Unity.VisualScripting.IonicZip.dll
Native extension for LinuxStandalone target not found
Native extension for WebGL target not found
Refreshing native plugins compatible for Editor in 0,64 ms, found 0 plugins.
Preloading 0 native plugins for Editor in 0,00 ms.
Mono: successfully reloaded assembly
- Completed reload, in  1,778 seconds
Domain Reload Profiling:
	ReloadAssembly (1780ms)
		BeginReloadAssembly (166ms)
			ExecutionOrderSort (0ms)
			DisableScriptedObjects (9ms)
			BackupInstance (0ms)
			ReleaseScriptingObjects (0ms)
			CreateAndSetChildDomain (46ms)
		EndReloadAssembly (1470ms)
			LoadAssemblies (84ms)
			RebuildTransferFunctionScriptingTraits (0ms)
			SetupTypeCache (459ms)
			ReleaseScriptCaches (2ms)
			RebuildScriptCaches (103ms)
			SetupLoadedEditorAssemblies (694ms)
				LogAssemblyErrors (0ms)
				InitializePlatformSupportModulesInManaged (15ms)
				SetLoadedEditorAssemblies (1ms)
				RefreshPlugins (1ms)
				BeforeProcessingInitializeOnLoad (91ms)
				ProcessInitializeOnLoadAttributes (532ms)
				ProcessInitializeOnLoadMethodAttributes (42ms)
				AfterProcessingInitializeOnLoad (12ms)
				EditorAssembliesLoaded (0ms)
			ExecutionOrderSort2 (0ms)
			AwakeInstancesAfterBackupRestoration (13ms)
Platform modules already initialized, skipping
Refreshing native plugins compatible for Editor in 2,48 ms, found 0 plugins.
Preloading 0 native plugins for Editor in 0,00 ms.
Unloading 3043 Unused Serialized files (Serialized files now loaded: 0)
Unloading 17 unused Assets / (58,1 KB). Loaded Objects now: 3586.
Memory consumption went from 106,9 MB to 106,8 MB.
Total: 6,439348 ms (FindLiveObjects: 0,363365 ms CreateObjectMapping: 0,268691 ms MarkObjects: 4,653730 ms  DeleteObjects: 1,150611 ms)

AssetImportParameters requested are different than current active one (requested -> active):
  custom:video-decoder-ogg-theora: a1e56fd34408186e4bbccfd4996cb3dc -> 
  custom:container-muxer-webm: aa71ff27fc2769a1b78a27578f13a17b -> 
  custom:container-demuxer-webm: 4f35f7cbe854078d1ac9338744f61a02 -> 
  custom:video-encoder-webm-vp8: eb34c28f22e8b96e1ab97ce403110664 -> 
  custom:audio-encoder-webm-vorbis: bf7c407c2cedff20999df2af8eb42d56 -> 
  custom:container-demuxer-ogg: 62fdf1f143b41e24485cea50d1cbac27 -> 
  custom:video-decoder-webm-vp8: 9c59270c3fd7afecdb556c50c9e8de78 -> 
  custom:audio-decoder-ogg-vorbis: bf7c407c2cedff20999df2af8eb42d56 -> 
========================================================================
Received Prepare
Assets/toiletpaper/toiletpaper.c4d: Unity no longer supports importing Cinema 4D files directly, but we're working with Maxon to make the experience better. To import Cinema 4D files, install Maxon's external importer. You can find more information on the Unity Forum: https://on.unity.com/c4d.

Please note that FBX files exported from Cinema4D are still supported.
Registering precompiled user dll's ...
Registered in 0,005739 seconds.
Begin MonoManager ReloadAssembly
Symbol file LoadedFromMemory doesn't match image /home/pasta/Documents/GitHub/Unity-project/Library/PackageCache/com.unity.visualscripting@1.8.0/Editor/VisualScripting.Core/Dependencies/YamlDotNet/Unity.VisualScripting.YamlDotNet.dll
Symbol file LoadedFromMemory doesn't match image /home/pasta/Documents/GitHub/Unity-project/Library/PackageCache/com.unity.visualscripting@1.8.0/Editor/VisualScripting.Core/Dependencies/DotNetZip/Unity.VisualScripting.IonicZip.dll
Native extension for LinuxStandalone target not found
Native extension for WebGL target not found
Refreshing native plugins compatible for Editor in 0,77 ms, found 0 plugins.
Preloading 0 native plugins for Editor in 0,00 ms.
Mono: successfully reloaded assembly
- Completed reload, in  1,961 seconds
Domain Reload Profiling:
	ReloadAssembly (1962ms)
		BeginReloadAssembly (200ms)
			ExecutionOrderSort (0ms)
			DisableScriptedObjects (14ms)
			BackupInstance (0ms)
			ReleaseScriptingObjects (0ms)
			CreateAndSetChildDomain (53ms)
		EndReloadAssembly (1611ms)
			LoadAssemblies (91ms)
			RebuildTransferFunctionScriptingTraits (0ms)
			SetupTypeCache (430ms)
			ReleaseScriptCaches (3ms)
			RebuildScriptCaches (124ms)
			SetupLoadedEditorAssemblies (781ms)
				LogAssemblyErrors (0ms)
				InitializePlatformSupportModulesInManaged (23ms)
				SetLoadedEditorAssemblies (1ms)
				RefreshPlugins (1ms)
				BeforeProcessingInitializeOnLoad (137ms)
				ProcessInitializeOnLoadAttributes (542ms)
				ProcessInitializeOnLoadMethodAttributes (58ms)
				AfterProcessingInitializeOnLoad (20ms)
				EditorAssembliesLoaded (0ms)
			ExecutionOrderSort2 (0ms)
			AwakeInstancesAfterBackupRestoration (15ms)
Platform modules already initialized, skipping
Refreshing native plugins compatible for Editor in 2,01 ms, found 0 plugins.
Preloading 0 native plugins for Editor in 0,00 ms.
Unloading 3043 Unused Serialized files (Serialized files now loaded: 0)
Unloading 17 unused Assets / (58,0 KB). Loaded Objects now: 3589.
Memory consumption went from 106,9 MB to 106,8 MB.
Total: 9,401634 ms (FindLiveObjects: 0,422182 ms CreateObjectMapping: 0,325511 ms MarkObjects: 7,851792 ms  DeleteObjects: 0,798987 ms)

AssetImportParameters requested are different than current active one (requested -> active):
  custom:video-decoder-ogg-theora: a1e56fd34408186e4bbccfd4996cb3dc -> 
  custom:container-muxer-webm: aa71ff27fc2769a1b78a27578f13a17b -> 
  custom:container-demuxer-webm: 4f35f7cbe854078d1ac9338744f61a02 -> 
  custom:video-encoder-webm-vp8: eb34c28f22e8b96e1ab97ce403110664 -> 
  custom:audio-encoder-webm-vorbis: bf7c407c2cedff20999df2af8eb42d56 -> 
  custom:container-demuxer-ogg: 62fdf1f143b41e24485cea50d1cbac27 -> 
  custom:video-decoder-webm-vp8: 9c59270c3fd7afecdb556c50c9e8de78 -> 
  custom:audio-decoder-ogg-vorbis: bf7c407c2cedff20999df2af8eb42d56 -> 
